<?xml version="1.0" encoding="UTF-8"?>
<!-- Generated by org.testng.reporters.JUnitXMLReporter -->
<testsuite ignored="2" hostname="HP-VT4AJGH6PCH4" failures="1" tests="1" name="runtest3" time="0.882" errors="0" timestamp="2023-09-18T17:44:53 IST">
  <testcase classname="com.testcases.TC_001_logintest" name="url" time="0.014">
    <failure type="java.lang.AssertionError" message="expected [{stacktrace=	GetHandleVerifier [0x00007FF64BD652A2+57122]
	(No symbol) [0x00007FF64BCDEA92]
	(No symbol) [0x00007FF64BBAE25D]
	(No symbol) [0x00007FF64BBDCCFE]
	(No symbol) [0x00007FF64BC06ED2]
	(No symbol) [0x00007FF64BC02E65]
	(No symbol) [0x00007FF64BC02780]
	(No symbol) [0x00007FF64BB84270]
	GetHandleVerifier [0x00007FF64C00EF82+2849794]
	GetHandleVerifier [0x00007FF64C061D24+3189156]
	GetHandleVerifier [0x00007FF64C05ACAF+3160367]
	GetHandleVerifier [0x00007FF64BDF6D06+653702]
	(No symbol) [0x00007FF64BCEA208]
	(No symbol) [0x00007FF64BB830E5]
	GetHandleVerifier [0x00007FF64C098E08+3414664]
	BaseThreadInitThunk [0x00007FFF56C77974+20]
	RtlUserThreadStart [0x00007FFF596AA2F1+33]
, error=invalid session id, message=invalid session id}] but found [https://www.amazon.in//]">
      <![CDATA[java.lang.AssertionError: expected [{stacktrace=GetHandleVerifier [0x00007FF64BD652A2+57122]
(No symbol) [0x00007FF64BCDEA92]
(No symbol) [0x00007FF64BBAE25D]
(No symbol) [0x00007FF64BBDCCFE]
(No symbol) [0x00007FF64BC06ED2]
(No symbol) [0x00007FF64BC02E65]
(No symbol) [0x00007FF64BC02780]
(No symbol) [0x00007FF64BB84270]
GetHandleVerifier [0x00007FF64C00EF82+2849794]
GetHandleVerifier [0x00007FF64C061D24+3189156]
GetHandleVerifier [0x00007FF64C05ACAF+3160367]
GetHandleVerifier [0x00007FF64BDF6D06+653702]
(No symbol) [0x00007FF64BCEA208]
(No symbol) [0x00007FF64BB830E5]
GetHandleVerifier [0x00007FF64C098E08+3414664]
BaseThreadInitThunk [0x00007FFF56C77974+20]
RtlUserThreadStart [0x00007FFF596AA2F1+33]
, error=invalid session id, message=invalid session id}] but found [https://www.amazon.in//]
at com.testcases.TC_001_logintest.url(TC_001_logintest.java:32)
at java.base/java.util.ArrayList.forEach(ArrayList.java:1511)
... Removed 33 stack frames]]>
    </failure>
  </testcase> <!-- url -->
  <testcase classname="com.testcases.TC_001_logintest" name="login" time="0.0">
    <ignored/>
  </testcase> <!-- login -->
  <testcase classname="com.testcases.TC_001_logintest" name="differnece" time="0.0">
    <ignored/>
  </testcase> <!-- differnece -->
</testsuite> <!-- runtest3 -->
